This is XeTeX, Version 3.141592653-2.6-0.999996 (TeX Live 2024) (preloaded format=xetex 2024.9.12)  9 JAN 2025 13:28
entering extended mode
 restricted \write18 enabled.
 %&-line parsing enabled.
**mcmthesis.dtx
(./mcmthesis.dtx (c:/texlive/2024/texmf-dist/tex/latex/base/docstrip.tex
\blockLevel=\count28
\emptyLines=\count29
\processedLines=\count30
\commentsRemoved=\count31
\commentsPassed=\count32
\codeLinesPassed=\count33
\TotalprocessedLines=\count34
\TotalcommentsRemoved=\count35
\TotalcommentsPassed=\count36
\TotalcodeLinesPassed=\count37
\NumberOfFiles=\count38
\inFile=\read1
\inputcheck=\read2
\@tempcnta=\count39
\off@0=\count40
\off@1=\count41
\off@2=\count42
\off@3=\count43
\off@4=\count44
\off@5=\count45
\off@6=\count46
\off@7=\count47
\off@8=\count48
\off@9=\count49
\off@10=\count50
\off@11=\count51
\off@12=\count52
\off@13=\count53
\off@14=\count54
\off@15=\count55
\@temptokena=\toks13
\@maxfiles=\count56
\@maxoutfiles=\count57

Utility: `docstrip' v2.6b <2022-09-03>
English documentation    <2024-02-08>

**********************************************************
* This program converts documented macro-files into fast *
* loadable files by stripping off (nearly) all comments! *
**********************************************************

********************************************************
* No Configuration file found, using default settings. *
********************************************************

)

Generating file(s) mcmthesis.cls mcmthesis-demo.tex README.tex LICENSE.tex 
\openout0 = `mcmthesis.cls'.

\openout1 = `mcmthesis-demo.tex'.

\openout2 = `README.tex'.

\openout3 = `LICENSE.tex'.


Processing file mcmthesis.dtx (class) -> mcmthesis.cls
                              (demo) -> mcmthesis-demo.tex
                              (readme) -> README.tex
                              (license) -> LICENSE.tex
File mcmthesis.dtx ended by \endinput.
Lines  processed: 1491
Comments removed: 610
Comments  passed: 13
Codelines passed: 833

*************************************************************
*                                                           *
* To finish the installation you have to                    *
*                                                           *
* produce the user manual run the file mcmthesis.dtx        *
* through XeLaTeX,                                          *
*                                                           *
* produce the demo file run the file mcmthesis-demo.tex     *
* through XeLaTeX,                                          *
*                                                           *
* move the following file into a directory searched         *
*    by TeX:                                                *
*                                                           *
*   mcmthesis.cls to TEXMF/tex/latex/mcmthesis/,            *
*   mcmthesis.dtx to TEXMF/source/latex/mcmthesis/,         *
*   other files   to TEXMF/doc/latex/mcmthesis/,            *
*                                                           *
* and then run texhash.                                     *
*                                                           *
* Happy TeXing!                                             *
*************************************************************
 )
No pages of output.
