\BOOKMARK [1][-]{section.1}{\376\377\000I\000n\000t\000r\000o\000d\000u\000c\000t\000i\000o\000n}{}% 1
\BOOKMARK [2][-]{subsection.1.1}{\376\377\000P\000r\000o\000b\000l\000e\000m\000\040\000B\000a\000c\000k\000g\000r\000o\000u\000n\000d}{section.1}% 2
\BOOKMARK [2][-]{subsection.1.2}{\376\377\000R\000e\000s\000t\000a\000t\000e\000m\000e\000n\000t\000\040\000o\000f\000\040\000t\000h\000e\000\040\000P\000r\000o\000b\000l\000e\000m}{section.1}% 3
\BOOKMARK [2][-]{subsection.1.3}{\376\377\000O\000u\000r\000\040\000w\000o\000r\000k}{section.1}% 4
\BOOKMARK [1][-]{section.2}{\376\377\000A\000s\000s\000u\000m\000p\000t\000i\000o\000n\000s\000\040\000a\000n\000d\000\040\000J\000u\000s\000t\000i\000f\000i\000c\000a\000t\000i\000o\000n\000s}{}% 5
\BOOKMARK [1][-]{section.3}{\376\377\000N\000o\000t\000a\000t\000i\000o\000n\000s}{}% 6
\BOOKMARK [1][-]{section.4}{\376\377\000I\000n\000s\000u\000r\000a\000n\000c\000e\000\040\000P\000r\000i\000c\000i\000n\000g\000\040\000a\000n\000d\000\040\000D\000e\000c\000i\000s\000i\000o\000n\000\040\000M\000o\000d\000e\000l}{}% 7
\BOOKMARK [2][-]{subsection.4.1}{\376\377\000D\000a\000t\000a\000\040\000C\000o\000l\000l\000e\000c\000t\000i\000o\000n}{section.4}% 8
\BOOKMARK [2][-]{subsection.4.2}{\376\377\000R\000i\000s\000k\000\040\000A\000n\000a\000l\000y\000s\000i\000s}{section.4}% 9
\BOOKMARK [2][-]{subsection.4.3}{\376\377\000I\000n\000s\000u\000r\000a\000n\000c\000e\000\040\000P\000r\000e\000m\000i\000u\000m}{section.4}% 10
\BOOKMARK [2][-]{subsection.4.4}{\376\377\000M\000e\000a\000s\000u\000r\000e\000s}{section.4}% 11
\BOOKMARK [2][-]{subsection.4.5}{\376\377\000R\000e\000a\000l\000\040\000E\000s\000t\000a\000t\000e\000\040\000D\000e\000c\000i\000s\000i\000o\000n\000\040\000M\000a\000k\000i\000n\000g}{section.4}% 12
\BOOKMARK [1][-]{section.5}{\376\377\000B\000u\000i\000l\000d\000i\000n\000g\000\040\000P\000r\000e\000s\000e\000r\000v\000a\000t\000i\000o\000n\000\040\000M\000o\000d\000e\000l}{}% 13
\BOOKMARK [2][-]{subsection.5.1}{\376\377\000B\000u\000i\000l\000d\000i\000n\000g\000\040\000V\000a\000l\000u\000e\000\040\000Q\000u\000a\000n\000t\000i\000f\000i\000c\000a\000t\000i\000o\000n}{section.5}% 14
\BOOKMARK [2][-]{subsection.5.2}{\376\377\000D\000e\000t\000e\000r\000m\000i\000n\000a\000t\000i\000o\000n\000\040\000o\000f\000\040\000p\000r\000o\000t\000e\000c\000t\000i\000o\000n\000\040\000m\000e\000a\000s\000u\000r\000e\000s}{section.5}% 15
\BOOKMARK [1][-]{section.6}{\376\377\000L\000a\000n\000d\000m\000a\000r\000k\000\040\000C\000a\000s\000e\000\040\000A\000n\000a\000l\000y\000s\000i\000s}{}% 16
\BOOKMARK [2][-]{subsection.6.1}{\376\377\000I\000n\000s\000u\000r\000a\000n\000c\000e\000\040\000P\000r\000i\000c\000i\000n\000g\000\040\000f\000o\000r\000\040\000T\000o\000k\000y\000o\000\040\000T\000o\000w\000e\000r}{section.6}% 17
\BOOKMARK [2][-]{subsection.6.2}{\376\377\000A\000r\000c\000h\000i\000t\000e\000c\000t\000u\000r\000a\000l\000\040\000V\000a\000l\000u\000e\000\040\000o\000f\000\040\000T\000o\000k\000y\000o\000\040\000T\000o\000w\000e\000r}{section.6}% 18
\BOOKMARK [1][-]{section.7}{\376\377\000S\000e\000n\000s\000i\000t\000i\000v\000i\000t\000y\000\040\000a\000n\000d\000\040\000R\000o\000b\000u\000s\000t\000n\000e\000s\000s\000\040\000A\000n\000a\000l\000y\000s\000i\000s}{}% 19
\BOOKMARK [2][-]{subsection.7.1}{\376\377\000S\000e\000n\000s\000i\000t\000i\000v\000i\000t\000y}{section.7}% 20
\BOOKMARK [2][-]{subsection.7.2}{\376\377\000R\000o\000b\000u\000s\000t\000n\000e\000s\000s}{section.7}% 21
\BOOKMARK [1][-]{section.8}{\376\377\000M\000o\000d\000e\000l\000\040\000E\000v\000a\000l\000u\000a\000t\000i\000o\000n}{}% 22
\BOOKMARK [2][-]{subsection.8.1}{\376\377\000S\000t\000r\000e\000n\000g\000t\000h\000s}{section.8}% 23
\BOOKMARK [2][-]{subsection.8.2}{\376\377\000W\000e\000a\000k\000n\000e\000s\000s\000e\000s}{section.8}% 24
\BOOKMARK [1][-]{section*.17}{\376\377\000A\000p\000p\000e\000n\000d\000i\000c\000e\000s}{}% 25
\BOOKMARK [1][-]{appendix.1.A}{\376\377\000A\000p\000p\000e\000n\000d\000i\000x\000\040\000F\000i\000r\000s\000t\000\040\000A\000p\000p\000e\000n\000d\000i\000x}{}% 26
